3.951378054970000000e+11 2.951741094700000190e+02 -1.280835876999999989e+01 4.183735275197385728e+18
3.951378054970000000e+11 2.951741094700000190e+02 -1.280835876999999989e+01 4.183735275197385728e+18
1.202604789720000000e+11 7.600556063999999878e+01 2.503397921000000181e+01 3.419948081164284416e+18
2.834679202070000000e+11 6.430977867000000003e+01 1.739168068000000034e+01 4.736019635248755200e+16
3.092377575750000000e+11 7.631772238000000641e+01 -7.492662540000000426e+00 3.207993678490320896e+18
4.896264903820000000e+11 2.436903024000000073e+02 -2.754540156000000195e+01 6.042353544720473088e+18
6.098859293460000000e+11 2.521649448200000165e+02 -6.197015213000000244e+01 5.818451225922378752e+18
5.325770389050000000e+11 2.414391125100000011e+02 -2.038587962000000076e+01 6.244077816335060992e+18
2.491092289870000000e+11 2.616796554300000253e+02 -4.205308200000000163e+00 4.363482882048531456e+18
3.350082610210000000e+11 9.726705316000000323e+01 4.649838700000000213e-01 3.120331982933360640e+18
3.779584139170000000e+11 2.642240317200000277e+02 -6.794307080000000276e+00 4.169795421962022912e+18
1.288500145110000000e+11 9.964775980999999661e+01 3.460237742000000338e+01 9.418380525821808640e+17
4.724465200100000000e+11 1.982805979700000023e+02 -4.826141780999999753e+01 6.085146532972463104e+18
6.012962900710000000e+11 2.338911757099999988e+02 -3.382777844000000300e+01 6.014264492963510272e+18
2.748792201240000000e+11 1.919771031100000016e+02 -7.542556820000000073e+01 5.837552805215620096e+18
2.319289666700000000e+11 6.431622278000000392e+01 2.260765606000000005e+01 1.486974758010713600e+17
1.632092689480000000e+11 7.388755623000000128e+01 2.144833213000000072e+01 3.412321834154830848e+18
1.374390253220000000e+11 7.890062992000000008e+01 6.652645133000000044e+01 4.841377888765464320e+17
2.662887958920000000e+11 6.583351270000000000e+01 2.604956237000000030e+01 1.505121853841800960e+17
2.576990447990000000e+11 8.076473737999999969e+01 -6.775333780000000417e+00 3.207403068947846656e+18
5.497560920450000000e+11 1.263676368600000046e+02 -3.552410091000000136e+01 5.542998691022845952e+18
3.178288225120000000e+11 2.681931709500000238e+02 -7.289340110000000372e+00 4.171782037621853184e+18
3.092379939830000000e+11 8.378626798999999892e+01 -6.084026610000000446e+00 3.017160756747739136e+18
1.116699999090000000e+11 2.868828592400000161e+02 3.782117173000000321e+01 2.099133517521774080e+18
7.731062865800000000e+10 6.728487522999999726e+01 4.020752705000000304e+01 1.799114770431628800e+17
1.030797345900000000e+11 5.443466924999999890e+01 5.507815309000000070e+01 4.452345248635072000e+17
4.294993501200000000e+10 4.409041073000000210e+01 4.637513692000000276e+01 4.343479853587938560e+17
2.920582557020000000e+11 8.354493363000000272e+01 -2.897784940000000198e+00 3.216747577754765824e+18
2.576991037470000000e+11 8.164442176000000018e+01 -2.036741909999999933e+00 3.220089062310575616e+18
3.779578590460000000e+11 1.015492810100000014e+02 -2.782780991999999998e+01 2.918820917797422592e+18
6.013049538100000000e+10 6.933953419999999923e+00 6.911840105999999651e+01 5.297274923345891840e+17
7.730971126900000000e+10 6.002787166000000241e+01 5.011008003999999971e+01 2.505342427685556480e+17
1.546195490250000000e+11 7.159387134000000685e+01 2.554227149000000097e+01 1.474762576832010240e+17
2.662890490960000000e+11 2.555110002300000076e+02 -3.122775850000000020e+01 6.028415993586402304e+18
3.865480324610000000e+11 2.671872016400000120e+02 2.148540539999999943e+00 4.372986961780096000e+18
2.834686757210000000e+11 2.413688589500000035e+02 -2.017724417999999886e+01 6.244189038802962432e+18
3.350079997160000000e+11 2.723979864099999872e+02 -9.057613160000000718e+00 4.158589753526681600e+18
3.521878799990000000e+11 2.928611828699999933e+02 -1.094464516999999937e+01 4.188002445465831424e+18
6.356558427840000000e+11 2.034334479899999906e+02 -6.399300045000000381e+01 5.864956895605575680e+18
5.669365191330000000e+11 2.117944556300000158e+02 -5.996473054999999874e+01 5.867654513033860096e+18
6.270655825640000000e+11 2.025412755199999992e+02 -2.769068672000000220e+01 6.188481217027153920e+18
1.288503360410000000e+11 6.349869779000000136e+01 3.133825389000000072e+01 1.664407416179718400e+17
3.779579810730000000e+11 8.459165885999999546e+01 9.417538999999999660e+00 3.336398765253891072e+18
4.552665422520000000e+11 1.217406527500000095e+02 -4.621527462000000241e+01 5.519567857714122752e+18
5.154080303200000000e+10 3.195175111600000264e+02 6.950375674000000004e+01 2.270604318676786688e+18
1.374403565210000000e+11 2.996084183500000222e+02 3.847793031999999869e+01 2.072353404331438336e+18
4.466771729530000000e+11 2.651511953500000232e+02 -3.411726593000000207e+01 4.053488222984536576e+18
2.233386131240000000e+11 9.220991811999999754e+01 -4.668802819999999798e+00 3.021038150142254592e+18
8.590878141000000000e+09 6.395808863999999971e+01 3.381121411000000165e+01 1.759303859579756800e+17
2.319290995120000000e+11 8.390560901999999999e+01 -6.355332869999999801e+00 3.017139831667090944e+18
3.693682613550000000e+11 8.914110843999999645e+01 -7.574748170000000336e+00 3.018696430893168640e+18
1.460292878140000000e+11 6.799668705999999929e+01 2.718850962000000138e+01 1.517954872502022400e+17
3.436039090300000000e+10 4.510873931000000425e+01 7.259757082000000139e+01 5.471911385950589440e+17
4.724475286350000000e+11 2.584894974300000285e+02 -2.709122577000000121e+01 4.108614952862601216e+18
1.803893179460000000e+11 8.678599101000000360e+01 2.079685425999999993e+01 3.399998988868061696e+18
4.209072353250000000e+11 1.027648623500000014e+02 -4.428776849999999854e+01 5.562000519681872896e+18
4.295057387500000000e+10 5.309065250000000447e+01 4.020990503000000160e+01 2.367644058175063040e+17
1.546199747910000000e+11 6.787683441000000073e+01 2.059385458999999940e+01 1.443299750982615040e+17
1.889791521080000000e+11 6.510865049999999599e+01 2.806906865000000195e+01 1.644454372481528320e+17
4.294989056000000000e+10 8.729148732999999538e+01 4.631617855000000361e+01 1.979021630354430720e+17
5.325761317590000000e+11 1.187618047100000069e+02 -4.639418953999999928e+01 5.518987556088863744e+18
3.435979394680000000e+11 2.556546761600000082e+02 -4.927922600000000375e-01 4.380272085304883712e+18
3.350081019290000000e+11 8.466263691000000335e+01 -2.758951629999999877e+00 3.216061997894031872e+18
2.491085739100000000e+11 5.651517292999999853e+01 2.268391929000000218e+01 6.479587378898995200e+16
6.184753089240000000e+11 2.098311314000000039e+02 -5.253460652999999780e+01 6.089261150311019520e+18
7.731070447300000000e+10 2.221049346999999941e+01 4.947429265000000242e+01 4.004705889967363840e+17
2.147492696530000000e+11 3.565373554399999989e+02 1.457445838000000116e+01 2.771086962073563136e+18
6.614250541590000000e+11 1.815855706000000112e+02 -5.906681183999999973e+01 6.071172977137720320e+18
3.092386912210000000e+11 8.338210367000000645e+01 -1.679253599999999957e-01 3.220851126946672128e+18
4.380870915260000000e+11 2.458413299999999992e+02 -4.491410069999999877e+01 5.990542353495370752e+18
2.748787989010000000e+11 8.270895880000000489e+01 -9.392041199999999757e-01 3.220658781131686400e+18
1.116698264940000000e+11 7.612308156000000281e+01 4.068333101000000340e+01 2.008482357250809600e+17
3.092387002840000000e+11 8.246043025999999543e+01 -2.227385300000000179e-01 3.220934449312650240e+18
3.092377599710000000e+11 1.083997702500000031e+02 -7.434393489999999716e+00 3.051872338840538624e+18
6.595300000000000000e+04 1.715085853600000121e+02 -7.971051486000000352e+01 5.199744011362370560e+18
4.209071327230000000e+11 1.212643735000000049e+02 -4.779939877000000337e+01 5.517738236004635648e+18
1.718100004600000000e+10 4.270333082999999874e+01 6.800407128000000512e+01 5.408106683207575040e+17
3.779575904330000000e+11 6.847026757000000430e+01 1.805451586999999947e+01 3.314267593348429824e+18
3.693676021880000000e+11 8.082523285999999985e+01 -2.271150899999999861e+00 3.214129571848636416e+18
5.583459027700000000e+11 1.484408155899999997e+02 -7.088353865999999925e+01 5.242522057431753728e+18
7.731064250800000000e+10 3.539978364300000067e+02 6.001712625000000401e+01 2.012137275615038976e+18
2.233390307070000000e+11 8.605996172000000399e+01 1.644388619999999968e+00 3.222928959108973568e+18
4.724472956240000000e+11 1.098338387999999952e+02 -4.751059048999999845e+01 5.510207234182674432e+18
4.982165119340000000e+11 2.560194348699999978e+02 -4.003753022000000072e+01 5.967132243415714816e+18
5.755256391520000000e+11 2.420639354799999978e+02 -3.854287261000000342e+01 5.997483746514034688e+18
3.350084594750000000e+11 6.195993152999999865e+01 1.679367021999999920e+01 4.559286884983872000e+16
3.350085395840000000e+11 8.067086951999999656e+01 1.488701819000000093e+01 3.390356821647429632e+18
3.607779410230000000e+11 2.437341300100000012e+02 -2.828188010000000219e+01 6.039174100695943168e+18
4.896270519850000000e+11 8.007891576000000100e+01 -5.093295789999999990e+00 3.210066429707732992e+18
4.466776676190000000e+11 1.260204715100000072e+02 -2.291113016999999985e+01 5.696894275540324352e+18
2.920587682590000000e+11 8.152122767000000181e+01 -3.463515300000000185e-01 3.220609715424974848e+18
3.865474753980000000e+11 8.026917874000000097e+01 -7.656022000000000105e+00 3.207233877299221504e+18
5.153969741770000000e+11 2.726371432700000241e+02 -7.413035582999999917e+01 6.417948327375042560e+18
3.006487251640000000e+11 8.151538284000000090e+01 -1.868210120000000085e+00 3.220107925806785024e+18
3.693674117510000000e+11 8.316269549999999811e+01 1.998057919999999932e+00 3.223566229176973312e+18
3.436101584300000000e+10 3.229058144300000208e+02 5.797024517999999915e+01 2.179253113080011776e+18
4.294973967250000000e+11 1.226936659400000025e+02 -4.770597343000000023e+01 5.519196669459165184e+18
5.411668955660000000e+11 3.316376058800000237e+02 -3.516896724000000063e+01 6.611357061265507328e+18
8.589973353300000000e+10 3.479067412400000308e+02 6.543031114000000059e+01 2.208914500818031104e+18
1.718069868300000000e+10 3.229625709000000029e+02 7.861018171999999993e+01 2.284716859656379904e+18
2.491092717520000000e+11 9.144304003000000591e+01 -4.103218899999999891e+00 3.021318078931179520e+18
6.356558430910000000e+11 1.701834316300000012e+02 -6.396452202000000398e+01 5.237646548014315520e+18
2.920580391540000000e+11 2.904924582099999952e+02 -1.040683990000000003e+00 4.262906434610951680e+18
2.748791352180000000e+11 2.340730082999999979e+02 -4.106974147000000386e+01 6.002781670259660800e+18
4.466771406320000000e+11 2.759276883499999826e+02 -4.592136217000000187e+01 6.707827593014273024e+18
5.153961708280000000e+11 1.280117412600000080e+02 -4.397392022999999739e+01 5.523029498272239616e+18
4.896266575170000000e+11 8.219838959999999872e+01 -2.077981636999999893e+01 2.968094500606448640e+18
3.435983655430000000e+11 2.496317666300000155e+02 -4.887707950000000245e+00 4.354028907413735424e+18
2.061593163110000000e+11 8.117836579000000086e+01 2.582501549999999924e+00 3.234356733213505024e+18
2.061590368190000000e+11 8.449842721000000267e+01 9.809347179999999611e+00 3.339429092317102592e+18
3.865482098960000000e+11 7.763828012999999828e+01 5.091997469999999915e+00 3.239085324703368192e+18
3.178288467160000000e+11 8.362009906000000115e+01 -7.254356290000000484e+00 3.016460986314908160e+18
3.865480736440000000e+11 8.022238375000000588e+01 -6.100165679999999924e+00 3.207684165967184896e+18
5.841164621750000000e+11 2.360900795400000050e+02 -3.542533619000000300e+01 6.014575723474337792e+18
3.006485143770000000e+11 8.222505673000000570e+01 -1.287384410000000035e+00 3.220248594574575616e+18
3.092388105020000000e+11 7.903146823000000154e+01 9.924025130000000416e+00 3.386719701606052864e+18
3.350078755050000000e+11 8.267316938999999820e+01 1.648331600000000063e-01 3.220983480659168768e+18
8.591290773000000000e+09 3.299898077700000272e+02 5.969086897000000391e+01 2.202907662646339584e+18
4.638575921570000000e+11 2.420865608699999996e+02 -2.152329295999999914e+01 6.243719100662064128e+18
5.239869097480000000e+11 8.461877785000000074e+01 -7.166695610000000549e+00 3.016095879734361600e+18
2.061590892920000000e+11 2.810893949100000100e+02 1.831504254000000032e+01 4.512377720198365184e+18
4.466770427980000000e+11 8.334657789999999977e+01 -4.341555660000000039e+00 3.209838659002088960e+18
5.755264897630000000e+11 1.140241584700000033e+02 -6.780975913999999705e+01 5.274842682763994112e+18
2.405181738040000000e+11 7.681245735000000252e+01 -3.446472400000000214e+00 3.212957664251822080e+18
2.233394327510000000e+11 2.834521057300000280e+02 3.049099229000000122e+01 2.041531825633091072e+18
5.411660162120000000e+11 2.365037252900000055e+02 -2.547370074999999900e+01 6.235133014360031232e+18
2.920590204370000000e+11 2.705529633500000273e+02 -1.151031591000000098e+01 4.151800509750299648e+18
2.748779302830000000e+11 2.566672722900000281e+02 -1.726903999999999995e+00 4.379892204038009856e+18
1.803895500330000000e+11 8.271553373000000420e+01 8.398531750000000073e+00 3.337358127805773312e+18
5.755256801280000000e+11 1.749679257100000029e+02 -5.593340487000000394e+01 5.343179701275133952e+18
4.896268929050000000e+11 2.317998751700000071e+02 -3.506311350000000004e+01 6.013933952279343104e+18
1.718066749900000000e+10 3.019041950399999905e+02 7.759779971999999759e+01 2.290596979121984512e+18
4.982167958110000000e+11 2.423581692500000031e+02 -5.094879534000000376e+01 5.983042245403039744e+18
2.748789986290000000e+11 8.558011666000000162e+01 -3.342719479999999965e+00 3.216152226566802944e+18
5.841155898740000000e+11 2.181863624800000139e+02 -3.875646599000000236e+01 6.105984859598371840e+18
3.890410000000000000e+05 3.102963100499999882e+02 6.414949909999999988e+01 2.245099737723013632e+18
5.497558934620000000e+11 1.218441133700000023e+02 -4.919276059999999973e+01 5.514545082437369856e+18
3.607783356020000000e+11 2.441099040800000068e+02 -4.098540102999999846e+01 5.993821548167559168e+18
4.724474046830000000e+11 2.773656879900000263e+02 -1.745535612000000114e+01 4.096650410923440640e+18
4.295077494400000000e+10 1.275777573900000021e+02 4.595352880000000084e+01 9.180977797664396800e+17
6.356554559610000000e+11 1.494259997300000009e+02 -5.370123083000000008e+01 5.404394014725127168e+18
3.607774561630000000e+11 7.714906476000000168e+01 -3.158138670000000037e+00 3.214470450516556800e+18
6.098854014320000000e+11 2.324105949899999928e+02 -3.578107897000000293e+01 6.013649969039127552e+18
3.006488369650000000e+11 7.866106066000000396e+01 -1.436977729999999953e+00 3.215134658618889216e+18
3.607781138140000000e+11 6.725608780000000309e+01 1.707992707000000010e+01 3.313728179815445504e+18
4.896271904060000000e+11 8.206297883999999954e+01 -1.049817879999999981e+00 3.220314114300538880e+18
2.405182527630000000e+11 8.342616486000000009e+01 -1.625100500000000059e+00 3.217183705913329152e+18
5.153963257970000000e+11 1.251490088500000013e+02 -4.939544031999999874e+01 5.515087347827949568e+18
4.552666950540000000e+11 1.120401814700000074e+02 -3.698609818999999987e+01 5.586501074725842944e+18
3.435983967860000000e+11 9.798866902000000323e+01 -9.653169460000000868e+00 3.002970833339073024e+18
6.012957055280000000e+11 2.366431884700000126e+02 -3.358202365000000356e+01 6.015022262637210624e+18
1.718039794000000000e+10 3.341324817400000029e+02 7.368056450000000268e+01 2.279002491568733952e+18
5.927063799780000000e+11 1.755423358300000132e+02 -6.611123809000000051e+01 5.236395303800458240e+18
6.356557381480000000e+11 2.139293121000000042e+02 -5.497440956999999884e+01 5.895700237157394432e+18
3.350076219490000000e+11 8.093913541000000578e+01 3.040844900000000184e+00 3.235930825842491392e+18
3.779573592780000000e+11 8.060565454000000329e+01 -4.086130269999999953e+00 3.210426652908333056e+18
2.319292011350000000e+11 7.970517897999999946e+01 1.484535060000000017e+00 3.233843093779794432e+18
4.123174814310000000e+11 2.285426752600000100e+02 -4.268706273000000095e+01 6.003579129737687040e+18
4.810364927780000000e+11 1.160293442600000020e+02 -4.961978524999999962e+01 5.494029913445129216e+18
4.294970535220000000e+11 7.952027218000000630e+01 -5.612223949999999739e+00 3.208525154923610112e+18
5.068070994690000000e+11 1.225617155700000040e+02 -4.714104282000000268e+01 5.519270130581657600e+18
3.006484345280000000e+11 1.022483450600000054e+02 -1.082079672999999964e+01 2.953994741449835008e+18
1.546189865400000000e+11 4.616073991000000376e+01 3.015537442000000112e+01 1.230691654271313920e+17
2.577024816100000000e+10 3.526492296399999873e+02 7.657545985000000144e+01 2.233543870513662464e+18
2.834686355370000000e+11 8.940041417000000479e+01 1.002846560999999959e+01 3.335753802902577664e+18
4.724475310740000000e+11 1.245598910700000062e+02 -4.945414343000000201e+01 5.515007049118428160e+18
3.350076294890000000e+11 8.760380290000000514e+01 2.988918710000000090e+00 3.319202648209901056e+18
5.239867533890000000e+11 2.355214751100000115e+02 -3.602563522999999890e+01 6.013035857441615872e+18
8.591254661000000000e+09 3.398634789100000262e+02 7.517457455000000266e+01 2.279554721283008512e+18
4.294983863900000000e+10 4.878963001000000332e+01 5.039835262999999799e+01 4.367515521384312320e+17
3.350077964600000000e+11 7.794033414000000448e+01 -6.961892300000000589e+00 3.207953408877804544e+18
5.153962791760000000e+11 8.321269766000000345e+01 -6.646502759999999732e+00 3.016761634026768896e+18
5.239869168460000000e+11 8.831922303000000340e+01 -7.142011970000000431e+00 3.018869462239186944e+18
2.491091382110000000e+11 8.486168741000000182e+01 -1.878355329999999990e+00 3.217304171156255232e+18
6.442459144620000000e+11 1.561778088400000115e+02 -6.721832627999999943e+01 5.245054232718481408e+18
3.865474448080000000e+11 2.335567917099999988e+02 -2.228838812000000047e+01 6.239718660743629824e+18
5.411660778020000000e+11 2.928179204099999993e+02 -8.669451379999999929e+00 4.206479596637953536e+18
5.153973179300000000e+10 3.012626747099999989e+02 7.007961419000000092e+01 2.251317372895518208e+18
2.405182528550000000e+11 8.376907443999999714e+01 -1.623587279999999966e+00 3.217544345727565824e+18
3.264185424930000000e+11 1.349244566000000134e+02 -3.768733607000000063e+01 5.622292995712321536e+18
4.037274048600000000e+11 2.405422608199999956e+02 -4.243004039000000205e+01 5.994965143342594048e+18
5.497567883960000000e+11 2.744316241399999967e+02 -2.040778053000000014e+01 4.094347586900710912e+18
3.607774628680000000e+11 8.336804300000000012e+01 -3.207316210000000112e+00 3.216731978433785856e+18
5.841161345790000000e+11 2.652362162300000250e+02 -2.510846461999999946e+01 4.068160832081186816e+18
5.153966989650000000e+11 2.303962889400000051e+02 -3.286963408999999814e+01 6.207272489224443904e+18
3.264179921540000000e+11 2.808153160100000036e+02 -1.410495030999999955e+01 4.103601665239681024e+18
2.920580880140000000e+11 2.801665744100000097e+02 -1.272433471999999988e+01 4.106199978650721792e+18
1.460298704350000000e+11 1.779937419999999992e+00 5.871371163999999965e+01 4.230973013523690240e+17
1.374391086340000000e+11 5.770440525000000065e+01 3.091606717999999887e+01 1.682940028240760320e+17
3.436070914000000000e+10 1.602415839999999925e+00 6.753029902000000106e+01 5.289146440028039680e+17
6.356552307850000000e+11 1.248990404200000057e+02 -5.501735108999999824e+01 5.319412279952235520e+18
5.583459103950000000e+11 1.164653229799999963e+02 -7.082711516999999901e+01 5.264345645252675584e+18
5.583464358040000000e+11 2.428564421100000175e+02 -3.909523457000000235e+01 5.997398774879321088e+18
4.037271248950000000e+11 2.436038621700000135e+02 -1.837986710000000024e+00 4.405549307876976640e+18
5.154063034900000000e+10 1.692388687300000072e+02 5.237711411000000084e+01 8.392878400083091200e+17
5.411666852200000000e+11 2.604906411700000035e+02 -3.430128252000000089e+01 5.976073914346333184e+18
3.607784175170000000e+11 2.429679206200000010e+02 -4.207671149000000099e+01 5.993483448343805952e+18
5.583468257810000000e+11 2.368635863599999993e+02 -2.536811090000000135e+01 6.234949980034643968e+18
2.319285032520000000e+11 6.347849112000000105e+01 4.130025993000000284e+01 2.286728592305752320e+17
1.374390250660000000e+11 7.762217501000000652e+01 6.652711225000000184e+01 4.826481911390890240e+17
4.810369927350000000e+11 1.192945296900000045e+02 -4.767619240999999874e+01 5.518614271891490816e+18
2.491092014170000000e+11 2.814465421099999958e+02 -1.168607909999999972e+00 4.260077734775805952e+18
3.178280389500000000e+11 2.571554020400000127e+02 1.592306384000000108e+01 4.547527801257014272e+18
4.209076383840000000e+11 2.469185252999999989e+02 -2.506636440000000121e+01 6.049047886901864448e+18
6.356557628290000000e+11 2.459968184200000110e+02 -6.514203754999999774e+01 5.827789829173311488e+18
4.982163857840000000e+11 2.422097109500000158e+02 -2.205803657999999956e+01 6.242912505804506112e+18
9.449061269200000000e+10 3.264530981999999995e+02 7.134775399000000107e+01 2.272665284502061312e+18
6.270654812410000000e+11 2.490320420000000183e+02 -3.573105729000000252e+01 6.020420074469092352e+18
4.380868665130000000e+11 1.204256014400000083e+02 -4.512901949999999829e+01 5.520643351884297216e+18
4.037279970590000000e+11 8.100655394999999714e+01 1.617986930000000045e+00 3.222178787237127168e+18
5.669357389400000000e+11 1.723029824799999972e+02 -6.565505625000000123e+01 5.237215367676211200e+18
3.006487586630000000e+11 8.241037561999999639e+01 -1.843785390000000080e+00 3.217207757729817600e+18
5.669366025490000000e+11 1.854950022099999956e+02 -6.791525344000000075e+01 5.859373919170288640e+18
5.755261552770000000e+11 1.232284820900000000e+02 -5.264665036000000242e+01 5.320831852542131200e+18
3.865477851120000000e+11 8.237732508999999936e+01 -7.905402989999999797e+00 3.014873669481488896e+18
3.178283440530000000e+11 2.894852385400000117e+02 -5.908267829999999776e+00 4.211198941057292800e+18
6.528358177510000000e+11 1.724119217600000127e+02 -6.343544476000000287e+01 5.333716479564309504e+18
4.982171384380000000e+11 1.208861299900000006e+02 -4.983794641000000070e+01 5.514406921927640064e+18
4.037271410910000000e+11 8.292044785999999590e+01 -1.776054149999999998e+00 3.217200576544696832e+18
3.607779434730000000e+11 6.996812199000000021e+01 -2.825654237000000180e+01 4.879579934888391680e+18
1.889791600050000000e+11 2.975756732099999908e+02 4.084994870000000056e+00 4.242338454692745216e+18
3.006480452490000000e+11 6.910007376000000079e+01 -1.238191175999999949e+01 3.177968627276131328e+18
3.006485142190000000e+11 8.167980941000000428e+01 -1.286198720000000018e+00 3.220303604515629056e+18
5.068071551720000000e+11 1.930945379300000013e+02 -4.322360154999999793e+01 6.138833422310955008e+18
3.092386370100000000e+11 7.126654360999999938e+01 -8.609495779999999598e+00 3.185890642913382400e+18
2.577065076400000000e+10 5.702503706000000250e+01 3.580897489000000178e+01 2.199399881263912960e+17
2.319290314630000000e+11 8.267753736000000231e+01 1.720862129999999990e+00 3.223529159315544064e+18
2.491093748990000000e+11 2.923605961700000080e+02 -5.036753990000000236e+00 4.208603032764800000e+18
3.436052667500000000e+10 3.076476851200000056e+02 3.367198377999999792e+01 1.863886686880889856e+18
4.552669894530000000e+11 1.226590770600000013e+02 -4.548643661999999921e+01 5.519708011088374784e+18
1.546198464990000000e+11 1.511442563399999983e+02 -7.554653061999999863e+01 5.205205732294156288e+18
6.098855876330000000e+11 1.375234751300000084e+02 -5.837703100000000234e+01 5.303591544590799872e+18
4.209073366470000000e+11 1.207266142699999989e+02 -4.509468955999999906e+01 5.520602596934957056e+18
3.865472167780000000e+11 8.362607825999999989e+01 -6.366950479999999857e+00 3.017138079320465920e+18
3.006479382560000000e+11 2.599523682600000143e+02 -2.711267189000000144e+01 4.108191817048971264e+18
3.178288100750000000e+11 8.470689104000000214e+01 2.313270800000000182e+00 3.223248199733962752e+18
3.350085373720000000e+11 2.400323049000000140e+02 1.492357770000000095e+01 1.192262481623104512e+18
4.810372830360000000e+11 2.793157321300000149e+02 -1.928866938999999903e+01 4.092479138688254976e+18
4.295012131100000000e+10 3.097848773800000117e+02 4.141929250999999823e+01 2.066331104232274688e+18
1.975694007480000000e+11 7.939208442000000332e+01 7.172148970000000290e+00 3.241266549613909504e+18
3.779579589720000000e+11 8.382387203000000397e+01 9.395724519999999913e+00 3.337888328631664128e+18
5.841158626220000000e+11 2.433127356100000043e+02 -2.407842154000000079e+01 6.049916015757078528e+18
3.779582898510000000e+11 1.088864891000000057e+02 -2.295452330999999901e+01 5.618086367309205504e+18
4.810372722250000000e+11 2.901064488900000242e+02 -1.929850094000000027e+01 4.083457787523815936e+18
6.012962595360000000e+11 1.298820937799999911e+02 -5.217231016000000210e+01 5.321619068514351104e+18
2.748789850270000000e+11 8.160513548000000128e+01 -3.282127159999999932e+00 3.210940507092082176e+18
5.325761355610000000e+11 2.173421164000000090e+02 -4.639092074999999937e+01 6.099003235642501120e+18
3.951381599760000000e+11 8.824595250000000135e+01 2.022176850000000137e+00 3.315880233308512768e+18
4.209071978520000000e+11 1.336064327100000071e+02 -3.828883983000000057e+01 5.622055123242977280e+18
6.270653474350000000e+11 2.320458809000000144e+02 -3.393963329000000329e+01 6.206531521466305536e+18
1.975695201250000000e+11 8.518851487999999961e+01 8.254246670000000563e+00 3.334523689909267456e+18
6.098860589880000000e+11 2.847119865000000232e+02 -3.666557024000000098e+01 6.730906891834942464e+18
3.693682404160000000e+11 2.933941292200000248e+02 -7.564304420000000029e+00 4.207216101923457024e+18
3.436036324600000000e+10 3.382161010500000202e+02 7.253669232000000022e+01 2.230222692562381312e+18
6.871965347700000000e+10 3.562409001000000330e+01 4.867506076000000093e+01 3.552585677837180160e+17
5.411662405380000000e+11 1.833268356600000004e+02 -5.194484360999999950e+01 6.125369661922537472e+18
3.006485017400000000e+11 8.372710415999999611e+01 -1.395872479999999971e+00 3.217567847788573696e+18
1.374392682480000000e+11 3.090192261999999914e+02 6.390456841000000310e+01 2.243617870926178304e+18
2.061586070320000000e+11 1.432654643999999955e+01 2.786951548000000045e+01 3.108033541656039680e+17
5.497562390830000000e+11 1.948984404400000017e+02 -6.813371059000000685e+01 5.857065971210881024e+18
2.576990799420000000e+11 8.450670209000000455e+01 -7.372766490000000061e+00 3.015704724176372224e+18
2.233390695730000000e+11 2.884254930999999829e+02 -3.911895600000000250e+00 4.212530110358614016e+18
3.951374488270000000e+11 1.005954017300000061e+02 -6.148635839999999853e+00 3.100476589642469376e+18
1.718006046300000000e+10 2.004211512999999911e+01 7.687680179000000180e+01 5.635134574291660800e+17
2.147485190980000000e+11 1.238088205899999963e+02 -4.660102425000000181e+01 5.519351593215572992e+18
3.521880374070000000e+11 2.275100341799999910e+02 -1.734998282000000103e+01 6.257715059046782976e+18
5.755256548700000000e+11 2.395598832900000161e+02 -3.851973017000000254e+01 5.998049823204950016e+18
3.693673866410000000e+11 8.429107331999999531e+01 -2.938782300000000181e-01 3.217808194157850624e+18
1.374390926450000000e+11 5.070796425000000340e+01 3.082525916999999893e+01 1.239570554262172160e+17
4.552667758230000000e+11 1.181549912899999981e+02 -4.237398816000000323e+01 5.532598994646666240e+18
1.546192541470000000e+11 2.875611905000000235e+01 5.917327985000000012e+01 5.063452780641780480e+17
3.779572426690000000e+11 8.272369817999999952e+01 3.382675330000000091e+00 3.236014594884820992e+18
8.590510725000000000e+09 8.410385938000000294e+01 4.621668684000000127e+01 2.097231886416508160e+17
4.380868088980000000e+11 1.186971519300000040e+02 -4.679004009999999880e+01 5.518909589542216704e+18
6.098854244290000000e+11 1.065630223400000034e+02 -3.575326136000000332e+01 5.578454642473835520e+18
1.632094477750000000e+11 7.604147063000000628e+01 2.165661954000000122e+01 3.409203069422811136e+18
3.693683346250000000e+11 2.695493195999999898e+02 -4.092464539999999928e+00 4.177189882480413184e+18
6.012959077730000000e+11 2.449815683799999988e+02 -3.263412663999999808e+01 6.025073654346256384e+18
2.319287179090000000e+11 1.215907120500000076e+02 -4.802292347000000206e+01 5.517674292529723392e+18
1.889796037500000000e+11 2.912373790600000234e+02 2.024989709000000104e+01 4.515952129446806016e+18
6.442451172770000000e+11 8.023571239999999705e+01 -2.983541306000000048e+01 2.906373346656925184e+18
5.325767461730000000e+11 2.823047049300000140e+02 -3.351965142000000242e+01 6.735775327477437440e+18
5.325760696060000000e+11 2.406025748700000122e+02 -3.296081782000000260e+01 6.036084507384266752e+18
2.834679009270000000e+11 1.772776195499999972e+02 -2.952580118000000198e+01 3.480748359761502208e+18
2.405191086630000000e+11 6.784552096999999549e+01 1.253399639999999948e+01 3.307373174404212736e+18
2.147490274960000000e+11 7.757164864000000648e+01 1.737607738999999896e+01 3.395026889911060480e+18
1.889792495120000000e+11 2.786799109300000055e+02 4.426930180000000270e+00 4.283462285518359552e+18
1.803894346860000000e+11 8.430254012000000330e+01 9.509193670000000154e+00 3.334914703731415552e+18
3.264177082220000000e+11 2.757227077300000246e+02 -1.042882080000000045e+01 4.154446759346593280e+18
1.030799080570000000e+11 1.050016916299999963e+02 3.829432451000000270e+01 9.471755329951288320e+17
3.951376721330000000e+11 7.242837984999999890e+01 -4.079600406000000135e+01 4.816887912176009216e+18
6.098858396920000000e+11 2.373779965900000093e+02 -3.583105015000000293e+01 6.011500389453301760e+18
6.098864626210000000e+11 1.856191331999999932e+02 -5.164253817000000168e+01 6.125619835171241984e+18
4.209077154490000000e+11 2.450102968799999985e+02 -2.592689520000000059e+01 6.048566193437221888e+18
4.638570226760000000e+11 2.595492194000000268e+02 -6.697005513999999948e+01 5.811866873566888960e+18
3.693673045200000000e+11 2.759827229800000055e+02 -1.513308867000000113e+01 4.098178560286713856e+18
3.865477931290000000e+11 2.778290695599999935e+02 -7.852147330000000203e+00 4.156774081860429824e+18
3.350081518860000000e+11 2.960149799700000131e+02 1.043455557999999961e+01 4.302775482146520064e+18
3.350082506300000000e+11 8.263380399999999781e+01 5.491180399999999739e-01 3.221137652805111296e+18
4.552675885330000000e+11 1.236136718900000062e+02 -4.614919279000000074e+01 5.519421897546896384e+18
5.927061103500000000e+11 1.276430740400000019e+02 -3.637331245000000024e+01 5.542339224564163584e+18
5.583464986310000000e+11 1.366171299999999977e+00 -2.462128607000000002e+01 2.336570721373696512e+18
1.546200662000000000e+11 2.757428543099999843e+02 2.568171416999999934e+01 4.584786539475542016e+18
1.030797519860000000e+11 4.691124054000000143e+01 5.516687307000000118e+01 4.475104452144286720e+17
2.491088082880000000e+11 8.103423838999999873e+01 5.021928700000000134e-01 3.221850960973810176e+18
8.589962000000000000e+09 4.492879374000000325e+01 7.431999326000000394e+01 5.476371967181794560e+17
3.006483706280000000e+11 2.486704876999999954e+02 -1.595212339000000057e+01 4.324571925755488256e+18
2.577059579900000000e+10 5.912038650000000395e+00 7.075466210999999817e+01 5.310554275019196160e+17
6.270656031080000000e+11 2.896583676700000183e+02 -5.275852788000000260e+01 6.644827573902907392e+18
3.693675844610000000e+11 9.977821862000000408e+01 -2.371858829999999863e+00 3.106686429457645056e+18
2.147493476010000000e+11 8.403915978000000564e+01 2.667463880000000120e+00 3.223662440740546048e+18
4.037279992510000000e+11 8.108447314000000006e+01 1.681885290000000088e+00 3.222261555551168512e+18
2.319292850350000000e+11 2.878202506900000230e+02 1.553486396000000092e+01 4.512787528847893504e+18
4.896266197070000000e+11 8.293473423000000366e+01 -4.179221609999999920e+00 3.209882020991785984e+18
3.264182267890000000e+11 2.425526389599999959e+02 -2.107913175999999922e+01 6.243839046209541120e+18
5.411667071500000000e+11 1.084442911600000059e+02 -3.719318112999999926e+01 5.589338708078200832e+18
3.006488384510000000e+11 8.421502884999999594e+01 -1.439989699999999928e+00 3.217389172852293632e+18
2.662890528350000000e+11 2.439674890100000084e+02 -3.122014004000000043e+01 6.037467418137925632e+18
4.896270263950000000e+11 8.370124117999999669e+01 -5.120391119999999852e+00 3.209526844377985024e+18
2.233395257530000000e+11 2.282278984200000025e+02 -1.382918249999999993e+01 6.309030430650457088e+18
6.270661440310000000e+11 1.993868115900000078e+02 -6.212002069999999776e+01 5.868548755256438784e+18
6.442455481290000000e+11 1.188280218700000006e+02 -5.963585690000000028e+01 5.291120540097589248e+18
5.755262801920000000e+11 2.776628777299999911e+02 -2.229018354000000102e+01 4.089994040603694592e+18
3.779584127870000000e+11 8.349429657999999677e+01 -6.763966869999999965e+00 3.016558396173020160e+18
4.810367515460000000e+11 2.404626678600000105e+02 -3.991910525000000121e+01 5.997677054399841280e+18
2.577044576900000000e+10 7.689342541999999980e+01 6.763580446000000279e+01 4.837505546236550400e+17
4.982169722580000000e+11 1.046207873200000051e+02 -6.646028219999999820e+00 3.100773255926794240e+18
1.202603299860000000e+11 6.655710974000000135e+01 2.725866132000000164e+01 1.522214105673742080e+17
1.460292147800000000e+11 3.525872265200000015e+02 4.470171463999999872e+01 1.937323309002978304e+18
2.748781513740000000e+11 6.865314209999999662e+01 2.345418573999999978e+01 1.460089980719774720e+17
5.927058905920000000e+11 1.859961140500000170e+02 -7.213169439000000693e+01 5.842547405507680256e+18
2.834690561700000000e+11 2.716830077999999844e+02 -1.144721247000000020e+01 4.151107405102889984e+18
3.350086485610000000e+11 2.458056468800000118e+02 -2.859485684000000205e+01 6.038955194798799872e+18
5.669360305840000000e+11 2.502773613600000147e+02 -2.242987759000000025e+01 6.048307022230132736e+18
4.295090884000000000e+10 4.174011905999999783e+01 6.886602700999999627e+01 5.416686653475434240e+17
4.810371818070000000e+11 2.339119483599999967e+02 -3.821112138000000158e+01 6.009340433229590528e+18
8.589958947600000000e+10 5.903433340000000129e+01 4.202248170000000016e+01 2.313784824701323520e+17
5.153966567410000000e+11 2.886408266299999923e+02 -2.306042564999999911e+01 6.770985606799507456e+18
6.442460479050000000e+11 1.903131975100000091e+02 -5.839204583000000071e+01 6.060009296312432640e+18
3.693678876950000000e+11 2.424971729100000175e+02 -1.800262309000000016e+01 6.248997237510308864e+18
4.724473464880000000e+11 1.242918498500000055e+02 -4.514240277999999762e+01 5.520049959204114432e+18
4.295060496600000000e+10 3.412518946900000287e+02 4.017414839999999998e+01 1.932240301108119552e+18
3.521875810520000000e+11 1.838847724100000107e+02 -4.474410560999999831e+01 6.143866127550748672e+18
4.295090955200000000e+10 3.161504531400000246e+02 6.849841806999999960e+01 2.270280409423293952e+18
1.546192122240000000e+11 8.108632738000000018e+01 5.716349319999999778e+01 2.799639427952527360e+17
6.442455707240000000e+11 2.024267280000000113e+00 -5.888043097999999986e+01 4.918260375995101184e+18
2.920588651780000000e+11 1.128010091499999987e+02 -7.976030330000000390e+00 3.053902514048953344e+18
2.920579353150000000e+11 8.233822811999999658e+01 -4.541770999999999781e+00 3.209777979704339968e+18
4.037269794430000000e+11 3.502817921800000249e+02 -1.597234870000000084e+00 2.637958197260445184e+18
1.718104149200000000e+10 4.830256122000000119e+01 6.824811157000000605e+01 5.410052861786378240e+17
2.147496906670000000e+11 2.921643170099999907e+02 3.259650370000000130e+00 4.289220943324581376e+18
5.583464216790000000e+11 1.337882772899999964e+02 -5.445113656000000191e+01 5.317283453657564160e+18
3.693679878210000000e+11 7.433285693000000549e+01 1.394081554000000089e+01 3.392423525549828096e+18
2.319293924900000000e+11 2.675474261699999943e+02 3.726398630000000267e+00 4.472315570924585984e+18
4.638572770950000000e+11 9.418529472000000169e+01 -2.273115475000000174e+01 2.937507392789642240e+18
2.061586096230000000e+11 3.061706928300000072e+02 2.778249328000000062e+01 1.860062168808972800e+18
6.270656610580000000e+11 2.598045673600000214e+02 -3.685688790000000381e+01 5.973672615311493120e+18
5.325768573740000000e+11 2.472364780599999960e+02 -3.773845563999999797e+01 6.018597427790214144e+18
6.356552973510000000e+11 3.044713450099999932e+02 -6.224559479999999922e+01 6.430875324240096256e+18
1.718095465600000000e+10 3.007109241000000210e+01 7.564269672999999727e+01 5.593607050895367680e+17
4.552672844790000000e+11 2.432453975800000023e+02 -2.275573771000000178e+01 6.242586328807825408e+18
6.012959748950000000e+11 1.799510934700000178e+02 -5.161830497000000406e+01 5.369029700665232384e+18
5.239865632460000000e+11 1.092674877999999978e+02 -3.754841360000000350e+01 5.589260432295621632e+18
4.810364629910000000e+11 1.098149899699999992e+02 -4.964121894000000168e+01 5.505279394865126400e+18
5.239865351900000000e+11 2.353371396000000004e+02 -4.094558159000000330e+01 6.002083381606932480e+18
4.037281651660000000e+11 2.159474877700000093e+02 -4.341587215999999927e+01 6.102708727265457152e+18
5.927059631750000000e+11 9.885459223000000861e+01 -5.649124287000000066e+01 5.496731104274311168e+18
3.607779553200000000e+11 8.139527107000000683e+01 1.236125531000000066e+01 3.388983119307636736e+18
8.590005782200000000e+10 6.045451733000000161e+01 3.222685243000000099e+01 1.701184018534531840e+17
1.202592287860000000e+11 2.469974201400000027e+02 -3.087748243000000059e+01 6.025751709424887808e+18
2.491083254670000000e+11 3.059278101400000196e+02 2.013272379000000001e+01 1.816733787116497408e+18
5.927061657200000000e+11 1.988861682300000098e+02 -6.168929947000000169e+01 5.869334223196698624e+18
1.889790221300000000e+11 7.033360292000000413e+01 2.653243219000000153e+01 1.485119675729789440e+17
5.325761186210000000e+11 1.267569701799999962e+02 -4.641083087999999890e+01 5.516553684028850176e+18
4.552669854210000000e+11 2.676726121799999873e+02 -4.552042451999999884e+01 5.954295720062013440e+18
3.006486100230000000e+11 8.244725047000000018e+01 1.164854590000000023e+00 3.221958163357744128e+18
2.748790002310000000e+11 8.309771073000000285e+01 -3.352159390000000183e+00 3.216706346068870144e+18
4.209071761920000000e+11 1.168535750900000068e+02 -4.611480553999999898e+01 5.530855611577139200e+18
3.092377491480000000e+11 2.634773754600000188e+02 -7.445717220000000580e+00 4.169372595320630784e+18
1.202591703540000000e+11 3.204801263100000028e+02 4.793820374999999956e+01 2.164715335979514368e+18
3.435982491510000000e+11 9.913119964000000550e+01 -6.604712852000000112e+01 5.283722269951312896e+18
3.951372942460000000e+11 7.726013233000000469e+01 -1.533211453000000013e+01 2.986471463070046720e+18
3.435979418590000000e+11 8.478878256000000135e+01 -4.772499600000000286e-01 3.217745350196492288e+18
3.264177217830000000e+11 2.618759252899999979e+02 -1.242010439999999960e+01 4.138736696683601920e+18
4.294968925700000000e+11 1.533452137799999946e+02 -7.451395531000000005e+01 5.205660517792534528e+18
6.356558559200000000e+11 2.061779722500000105e+02 -6.379716882000000311e+01 5.864546021863527424e+18
1.718088221400000000e+10 3.398878517499999816e+02 7.522141428000000474e+01 2.279555580276461056e+18
4.638576591930000000e+11 1.065984297199999986e+02 -3.790839728000000264e+01 5.565971096690260992e+18
3.350084001770000000e+11 8.333795234000000107e+01 8.695726609999999468e+00 3.334763074205831168e+18
2.233386686970000000e+11 6.982483836000000110e+01 1.641341418000000019e+01 3.310100409920187904e+18
5.154019099600000000e+10 6.348300820000000044e+01 3.038118337000000224e+01 1.659450336712052480e+17
1.717996113060000000e+11 2.850844762500000229e+02 3.119890905000000103e+01 2.042000389384850432e+18
5.239865920030000000e+11 2.326043297900000084e+02 -3.228796026999999924e+01 6.206801451571786752e+18
2.748791256330000000e+11 2.496965397200000041e+02 -4.109723310999999768e+01 5.969050715102914560e+18
3.951380782940000000e+11 1.192040954300000095e+02 -4.856246295999999774e+01 5.517401819802843136e+18
5.239862178050000000e+11 1.191567743199999967e+02 -4.713627694000000190e+01 5.518709895042799616e+18
3.693675339200000000e+11 8.047788262000000259e+01 -5.556553649999999678e+00 3.209977850302473728e+18
4.638572054560000000e+11 1.257252221899999967e+02 -3.986683740000000142e+01 5.528013511460806656e+18
3.178283168620000000e+11 5.622707394000000392e+01 1.135228917999999965e+01 3.648533915982848000e+16
5.068064372260000000e+11 1.263193390300000090e+02 -4.889141281999999933e+01 5.515312610274495488e+18
6.270660441110000000e+11 2.415601188500000092e+02 -3.785064675000000278e+01 5.998329133520532480e+18
6.184757346750000000e+11 2.335963012600000184e+02 -3.300256266000000238e+01 6.014539542668216320e+18
2.405194141030000000e+11 8.835728405999999779e+01 4.512917419999999957e+00 3.319845209676779008e+18
6.528359466210000000e+11 2.218800144699999919e+02 -6.527949621000000491e+01 5.849038647320299520e+18
6.098860997280000000e+11 2.264233218100000045e+02 -6.356072881000000052e+01 5.873569026591051776e+18
4.552675234030000000e+11 8.497811314999999865e+01 7.332779999999999854e-02 3.219315796398233088e+18
1.288490715170000000e+11 3.513482463999999936e+02 6.730134510000000603e+01 2.213661539188258304e+18
5.583464501060000000e+11 2.420907990500000153e+02 -3.907273992000000362e+01 5.997082871452217344e+18
2.662887548610000000e+11 2.452542536100000063e+02 -3.062453185000000033e+01 6.037548713276304384e+18
4.638574262380000000e+11 2.662260285500000236e+02 -1.726860040000000041e+01 4.123772034272429568e+18
3.865477326210000000e+11 8.309091616999999985e+01 2.868808089999999922e+00 3.223904058420524544e+18
2.748780000860000000e+11 8.142358000000000118e+01 -1.367118679999999920e+00 3.220211245539886080e+18
5.841164896100000000e+11 1.239537616500000041e+02 -7.346221323999999697e+01 5.220833331577540608e+18
9.449030906300000000e+10 4.773327047000000078e+01 5.947375918000000183e+01 4.627822150490009600e+17
3.779584192660000000e+11 1.034336745899999954e+02 -6.789902180000000342e+00 3.099314440211728896e+18
3.779576920490000000e+11 2.907510219200000279e+02 -2.948866180000000004e+00 4.214340318803917824e+18
3.435979164420000000e+11 2.704444058700000255e+02 -5.263662700000000250e-01 4.179251737359036416e+18
4.123175446930000000e+11 1.179932262800000018e+02 -4.192219270000000364e+01 5.532669913148218368e+18
1.460299669750000000e+11 3.386496103100000141e+02 5.652246861000000422e+01 2.006855496645522432e+18
2.405182959210000000e+11 1.003142039399999987e+02 -1.440736667000000004e+01 2.950648618326012928e+18
4.552673289390000000e+11 2.535083208800000136e+02 -4.158014534000000140e+01 5.966525622241306624e+18
2.748779487200000000e+11 8.239341512000000023e+01 -1.738713720000000018e+00 3.217213908122979840e+18
5.153967833270000000e+11 2.581948462700000277e+02 -1.781015020999999976e+01 4.134708223535293952e+18
4.982162360220000000e+11 2.591848380200000292e+02 -3.674899910999999975e+01 5.973732195097820160e+18
5.755267369160000000e+11 2.838166460900000061e+02 -3.704191390999999811e+01 6.730975031500583936e+18
3.951371166930000000e+11 2.799481576200000177e+02 -1.382787416999999941e+01 4.103823457349250560e+18
4.638571831000000000e+11 2.513957649099999969e+02 -5.043025246999999922e+01 5.937527583667253248e+18
2.748783782000000000e+11 2.975063122700000235e+02 -8.072060826999999961e+01 6.359920849601712128e+18
3.006482847650000000e+11 2.472532673400000078e+02 -2.625608989999999920e+00 4.357785973005491200e+18
3.178280846540000000e+11 1.222382391600000062e+02 -4.652304321999999814e+01 5.519504567074738176e+18
1.717990797500000000e+10 6.048908319000000233e+01 3.322885546999999917e+01 1.704603156072861440e+17
4.552670792440000000e+11 2.725241744599999834e+02 7.530385499999999732e-01 4.275705196616901632e+18
6.442454193380000000e+11 1.896928211700000020e+02 -6.498504282000000387e+01 5.861068094819021824e+18
2.834683840940000000e+11 7.526906945999999721e+01 8.778694599999999681e+00 3.290293979255031296e+18
4.982162507210000000e+11 2.671406038200000239e+02 -5.310353405000000038e+01 5.945104588806333440e+18
5.239868848540000000e+11 1.048685847400000029e+02 -7.168501410000000185e+00 3.052654229049003008e+18
2.577047784200000000e+10 1.228160539999999967e+00 6.796621708000000694e+01 5.289745673864262400e+17
1.202591199320000000e+11 3.165160014300000171e+02 5.446803544000000130e+01 2.176709839599419136e+18
3.178282171930000000e+11 2.168784576700000173e+02 -4.740915962000000405e+01 6.092184781782518784e+18
3.693676137920000000e+11 7.994273153999999693e+01 -2.259774150000000148e+00 3.214227119145464832e+18
1.288495821050000000e+11 3.746600927000000070e+01 3.334088040000000319e+01 1.344805499357724160e+17
2.576986884650000000e+11 8.578122150000000090e+01 7.210836399999999813e+00 3.333648994049271296e+18
8.590010241700000000e+10 6.876875375000000190e+01 3.216494945000000172e+01 1.717861548326785280e+17
2.405193396390000000e+11 2.491851635400000191e+02 -1.760040856999999903e+01 4.324074018787912192e+18
5.755264219030000000e+11 2.422558404499999938e+02 -3.942008117000000311e+01 5.997015079686716416e+18
4.896273628650000000e+11 1.684900781300000006e+02 -3.147128616000000179e+01 5.404086460676842496e+18
4.037269396440000000e+11 2.799755831100000023e+02 -1.479207011000000094e+01 4.103461614936601088e+18
3.865476331800000000e+11 7.405657401999999934e+01 1.590597177999999978e+01 3.404930023639393792e+18
6.184758668570000000e+11 2.355884836300000131e+02 -6.967576945000000421e+01 5.819989412642975744e+18
2.748789870320000000e+11 8.118186805000000561e+01 -3.294538230000000123e+00 3.210902299062664192e+18
6.872005764200000000e+10 5.385519413000000100e+01 5.489332787000000025e+01 4.452286149886858240e+17
3.951381353660000000e+11 8.249332038000000011e+01 2.066614869999999993e+00 3.223745041551365120e+18
3.865478050910000000e+11 2.677935046599999964e+02 -7.875568980000000607e+00 4.165545916906598912e+18
4.294969641000000000e+11 1.856276729799999998e+02 -5.647403751000000227e+01 6.072607672327223296e+18
6.012955862710000000e+11 1.988521805800000095e+02 -5.540392540999999937e+01 6.066622755666312192e+18
5.927058995450000000e+11 1.623554315000000088e+02 -7.217428320000000497e+01 5.229506038786252800e+18
6.098859331490000000e+11 1.956920551599999953e+02 -6.194479038000000060e+01 5.863461662864989184e+18
5.583461410700000000e+11 2.473173554200000126e+02 -3.752299941999999788e+01 6.018627763118806016e+18
2.147493940350000000e+11 9.018386691999999982e+01 2.747519590000000012e+00 3.316354019742303232e+18
4.037281699690000000e+11 1.263837997500000085e+02 -4.343477760000000387e+01 5.526150285927280640e+18
5.755263055900000000e+11 9.862133391999999787e+01 -2.216952996999999925e+01 2.926583332452845568e+18
6.356559364040000000e+11 2.477887867900000174e+02 -2.863431233000000020e+01 6.044062426314952704e+18
4.724473026440000000e+11 1.250055332299999975e+02 -4.750901990999999924e+01 5.516423220100363264e+18
3.521878007370000000e+11 2.747938359600000240e+02 -1.316128029999999960e+01 4.152687059701874688e+18
4.810372917660000000e+11 2.767879520999999841e+02 -5.269552230000000392e+00 4.257126641260198912e+18
2.491091320110000000e+11 8.275667973999999560e+01 -1.890266980000000041e+00 3.217198549320216576e+18
1.717995753590000000e+11 5.879411765000000401e+01 3.115030773000000153e+01 1.686409674629548800e+17
5.153970374440000000e+11 1.129847285600000077e+02 -4.690623421000000093e+01 5.507466770169790464e+18
4.209072816380000000e+11 2.427960352700000044e+02 -3.926718020999999936e+01 5.997208215773540352e+18
3.693684743880000000e+11 2.294105755300000169e+02 -7.435289400999999998e+01 5.792724066886096896e+18
3.092380215430000000e+11 2.511035741900000176e+02 -5.902442230000000123e+00 4.352977533778322944e+18
3.865480391330000000e+11 2.669076772700000220e+02 2.092368220000000001e+00 4.372983315347624960e+18
2.319284451180000000e+11 2.624259200399999941e+02 4.040614180000000388e+00 4.389033509353321472e+18
1.546192062060000000e+11 1.811798720300000127e+02 5.704402237000000042e+01 1.575438435610419456e+18
5.411669874760000000e+11 2.755924989700000083e+02 -3.539919340000000147e+01 4.044240406831214592e+18
3.350074728200000000e+11 8.343930276999999762e+01 8.539536769999999777e+00 3.334733868428224512e+18
3.865473486830000000e+11 2.763511502900000210e+02 -1.685323149999999970e+01 4.096975625849615360e+18
5.927057634140000000e+11 1.024123666699999973e+02 -2.190750694000000109e+01 2.925996296323368448e+18
1.546190538920000000e+11 7.733187621000000433e+01 2.892576011000000236e+01 1.559456969700554240e+17
1.030794169460000000e+11 8.686753135000000725e+01 4.726623423000000201e+01 2.100697409630548480e+17
3.264183999940000000e+11 2.874551142000000254e+02 -6.460968390000000561e+00 4.205944585460945920e+18
6.872024333300000000e+10 2.892926090700000259e+02 5.100270408000000089e+01 2.133151793109895424e+18
4.552669248000000000e+11 2.617677027999999950e+02 -3.173838187000000133e+01 4.057861221245651456e+18
3.006482115020000000e+11 8.261770445999999879e+01 -2.668985269999999854e+00 3.217012697495855104e+18
2.748791798710000000e+11 2.352630231500000093e+02 -3.153923006000000129e+01 6.016602119105069056e+18
2.405184202390000000e+11 2.408580650499999933e+02 -2.096638876000000096e+01 6.244030812212475904e+18
3.865478965330000000e+11 8.218807537000000707e+01 -2.841687199999999858e-01 3.220939637633187840e+18
4.037270913750000000e+11 2.351865714399999945e+02 -2.485849010000000092e+01 6.238261258081052672e+18
3.951378110230000000e+11 2.594945726899999840e+02 -1.456727406000000080e+01 4.137997275110956544e+18
9.449033783200000000e+10 3.449540745500000298e+02 5.944123634000000322e+01 2.013603577454233600e+18
9.448989639100000000e+10 6.546363053999999693e+01 3.131426412000000070e+01 1.662447536669957120e+17
3.693682025720000000e+11 2.346576643900000079e+02 -2.414055194999999898e+01 6.238543935654131712e+18
5.583464315050000000e+11 2.581514780200000132e+02 -5.445150809000000436e+01 5.923553443664125952e+18
2.576988672500000000e+11 8.786003598000000636e+01 1.051033486999999944e+01 3.336765662838284800e+18
2.147495801650000000e+11 8.712733645000000138e+01 3.664722932000000100e+01 3.456061501922724864e+18
2.576995229800000000e+10 2.329455713000000117e+01 7.147218673999999794e+01 5.341308646035486720e+17
3.951379475170000000e+11 6.945749102999999991e+01 -5.246798489999999759e+00 3.201079743216442880e+18
5.068063348710000000e+11 9.643073468000000048e+01 -5.131659443000000209e+01 5.549181966447668224e+18
2.233394524680000000e+11 2.898305057300000271e+02 3.048110338000000041e+01 2.039585071582101504e+18
4.810369628730000000e+11 1.150002762299999972e+02 -4.067528656000000353e+01 5.536717215445720064e+18
2.920581678800000000e+11 8.005303949999999702e+01 -2.589052301999999983e+01 2.956239153914366976e+18
3.435975296670000000e+11 2.519865021800000022e+02 -8.860753680000000188e+00 4.338017990888566784e+18
6.356553903530000000e+11 1.049784620300000029e+02 -3.370367335000000253e+01 5.603679810036812800e+18
3.951373483270000000e+11 8.397392784999999549e+01 -3.722973800000000111e+00 3.215892153410580480e+18
2.491083127490000000e+11 2.724849438200000122e+02 2.005219118000000122e+01 4.527885232189115392e+18
5.153963139580000000e+11 1.823603803800000094e+02 -4.939691846000000197e+01 6.129644528766224384e+18
3.092386589760000000e+11 1.642217333199999985e+02 -2.741365000000000052e-01 3.804544947773287424e+18
2.662881401450000000e+11 2.870900947100000167e+02 6.159660440000000570e+00 4.305684755539751424e+18
4.209078411740000000e+11 2.024197152099999926e+02 -4.464386497000000276e+01 6.087622225143343104e+18
3.693677628380000000e+11 1.320999475700000119e+02 7.758065820000000556e+00 5.968087310995447040e+17
3.779576767700000000e+11 1.470924416000000008e+02 -2.963166109999999964e+00 3.826464188814508544e+18
2.920577792750000000e+11 7.699546635000000094e+01 1.010876973000000056e+01 3.290942175719149568e+18
4.724468881270000000e+11 3.149464820599999939e+02 -4.816534268000000196e+01 6.481430353489019904e+18
2.233386127750000000e+11 2.605520401499999821e+02 -4.712557430000000380e+00 4.363100286363280384e+18
4.638569314630000000e+11 1.337456337799999915e+02 -4.214537605000000298e+01 5.524349221459712000e+18
4.896263171620000000e+11 2.589311045300000274e+02 -3.798740508000000204e+01 5.973516415939594240e+18
6.270662282370000000e+11 1.955996912100000031e+02 -5.776504684000000367e+01 6.057329816508584960e+18
4.466771092350000000e+11 2.397958815599999980e+02 -1.884571735000000103e+01 6.247571613307371520e+18
2.061585881720000000e+11 7.138497015000000090e+01 2.810085683000000145e+01 1.547693569661647360e+17
4.294971920950000000e+11 8.093785601999999813e+01 -2.248470240000000064e+00 3.214130293403123712e+18
1.546192815730000000e+11 2.079035365000000013e+01 2.763618668000000156e+01 2.965574286810708480e+17
5.411662644960000000e+11 1.074122222099999959e+02 -3.630010704000000032e+01 5.566360667402230784e+18
3.435978697400000000e+11 2.414942956400000185e+02 -1.981758755999999977e+01 6.244205531477555200e+18
4.380873260120000000e+11 2.398318414700000005e+02 -4.279766237999999845e+01 5.994751666280940544e+18
5.325766928330000000e+11 2.429722012299999960e+02 -3.903783553000000239e+01 5.997235016369885184e+18
2.834687548430000000e+11 8.882021892999999579e+01 -1.066679498000000059e+01 2.999218238810187264e+18
3.092387571680000000e+11 8.343831767999999727e+01 -4.619066150000000093e+00 3.209618310001462784e+18
4.552675747150000000e+11 2.394154189399999950e+02 -4.617490835000000260e+01 5.985130699026668544e+18
3.264185697950000000e+11 2.800390020899999968e+02 -3.650978087000000016e+01 6.733498097146956800e+18
4.552672565250000000e+11 2.440715862499999957e+02 -2.615294038000000043e+01 6.048644469217167360e+18
4.638574864160000000e+11 2.417791437099999996e+02 -2.525367298000000105e+01 6.043773082954053632e+18
2.405194607540000000e+11 8.223197346999999979e+01 3.646890949999999965e+00 3.236083761038013440e+18
6.614251742570000000e+11 1.088145464300000071e+02 -6.375870825999999880e+01 5.285693866097230848e+18
1.116696525810000000e+11 2.653612079000000179e+01 4.576451130000000234e+01 3.508005592321543680e+17
2.061590249560000000e+11 3.540407343400000286e+02 9.806207269999999809e+00 2.761478879713208320e+18
3.693676251840000000e+11 2.764062096800000177e+02 -2.243692129999999896e+00 4.270365895128685056e+18
2.147488415300000000e+11 9.835886007999999947e+01 6.478417040000000071e+00 3.132145685618515968e+18
3.779577509970000000e+11 2.914048968100000252e+02 1.701036940999999914e+01 4.322568340703221760e+18
5.239864809920000000e+11 1.217041271100000017e+02 -4.353117771000000147e+01 5.532857345523437568e+18
4.037273304070000000e+11 2.475928006400000072e+02 -2.549234382999999937e+01 6.045970560015667200e+18
3.693679332720000000e+11 2.444793978600000059e+02 -2.502128996000000072e+01 6.048881207813795840e+18
4.294971399630000000e+11 2.428868802899999935e+02 -2.528913573000000170e+01 6.049551016555492352e+18
5.411660844670000000e+11 2.694552361899999937e+02 -2.340721346000000125e+01 4.069337756150893568e+18
2.920580373270000000e+11 9.239538328999999806e+01 -1.129105790000000109e+00 3.121338963786400256e+18
4.294971403070000000e+11 2.440863408799999945e+02 -2.529178261999999933e+01 6.048849695636410368e+18
5.927059697750000000e+11 2.066488870900000165e+02 -5.977484391000000130e+01 5.870530831124727808e+18
4.810370908150000000e+11 2.192239266900000132e+02 -4.142871290000000073e+01 6.104650464800230400e+18
4.724466994560000000e+11 2.425433277399999952e+02 -1.976115301000000102e+01 6.245669050173379584e+18
9.448929661000000000e+10 4.752942923999999891e+01 5.324204023000000063e+01 4.462678252767262720e+17
2.405193715850000000e+11 7.937156606000000636e+01 7.302779670000000500e+00 3.241294724599360512e+18
1.717997875390000000e+11 3.026570809400000144e+02 4.250863730000000373e+01 2.074938184348477952e+18
7.730946303300000000e+10 3.117479251999999974e+02 4.396806526000000304e+01 2.067085163054605824e+18
6.012962693250000000e+11 1.927228341800000067e+02 -5.717988680999999929e+01 6.061291017620574208e+18
8.590022522300000000e+10 3.589443761100000074e+02 5.650785498000000473e+01 1.994984619348271104e+18
1.632096285240000000e+11 7.974101975000000664e+01 2.229820394000000050e+01 3.414689632445838336e+18
1.374395129260000000e+11 3.522724448800000232e+02 4.562620659000000245e+01 1.937530944902688512e+18
4.724471852820000000e+11 9.250487370000000453e+01 1.190378162000000017e+01 3.342413609255936000e+18
9.449002662900000000e+10 3.192100982000000045e+02 4.809990763999999785e+01 2.164878888334845952e+18
5.325768507670000000e+11 1.060544042200000092e+02 -3.774088658000000152e+01 5.566173372469587968e+18
2.576986940320000000e+11 9.035205036000000689e+01 7.248818660000000413e+00 3.322346426833083392e+18
5.239861114730000000e+11 1.170049979399999955e+02 -4.916725063999999890e+01 5.518064241197459456e+18
1.460293400370000000e+11 2.969173662000000036e+02 3.105669319000000073e+01 2.032226624418331136e+18
4.380874753160000000e+11 8.321820112999999708e+01 -4.447954905000000281e+01 4.805412859072835584e+18
3.092385068530000000e+11 1.064093193100000008e+02 -1.750391903999999954e+01 2.934612687917161472e+18
2.834691162630000000e+11 2.665481007800000270e+02 -1.028666727999999964e+01 4.163998556143842816e+18
2.834687924220000000e+11 2.735088509999999928e+02 -1.052746574000000024e+01 4.157077478352633344e+18
5.239867076100000000e+11 8.290927655000000129e+01 -9.703590200000000721e+00 3.013609265469907968e+18
5.325768239040000000e+11 1.870847336100000007e+02 -5.248439247000000307e+01 6.077255342329811968e+18
2.491088814940000000e+11 8.304310791000000336e+01 4.225111880000000042e+00 3.236458419625150976e+18
2.662880043900000000e+11 8.376142298000000608e+01 9.946552620000000289e+00 3.337991824460787200e+18
4.037274750860000000e+11 1.821673504100000116e+02 -4.784771392999999762e+01 6.130956761529613312e+18
2.147483914050000000e+11 1.961000707999999975e+02 -7.683369813000000192e+01 5.789045856890265600e+18
7.730953360300000000e+10 3.153268294000000083e+02 5.278508060000000057e+01 2.170403453216364544e+18
3.607783556730000000e+11 2.393585574100000031e+02 -4.259543244000000328e+01 5.994772213404408832e+18
1.030793201540000000e+11 5.113414750000000453e+01 4.930765344000000283e+01 4.416460968705977600e+17
4.810372921050000000e+11 8.789517306000000474e+01 -5.268776810000000310e+00 3.022761634618869248e+18
4.552673874260000000e+11 2.526205804600000135e+02 -3.795346794000000301e+01 5.971300011000483840e+18
6.614254965870000000e+11 1.990130868999999905e+02 -6.001982622999999961e+01 5.869727161191201792e+18
3.951373813300000000e+11 8.607314402000000086e+01 -3.639228759999999951e+00 3.023964225461454848e+18
3.092380387310000000e+11 8.735095748000000526e+01 -5.837180560000000185e+00 3.022340487305547264e+18
1.030796453190000000e+11 2.384521268400000054e+02 3.911901226999999892e+01 1.376674186739752704e+18
3.006477421580000000e+11 2.392270270100000005e+02 -1.168924913000000032e+01 4.345989347113571328e+18
5.927061135320000000e+11 1.314683832199999927e+02 -3.636899097999999952e+01 5.626262954241949696e+18
7.731011572200000000e+10 5.923348285000000146e+01 4.260120019000000013e+01 2.314544518511028480e+17
3.607778840320000000e+11 8.112545178999999962e+01 6.676240589999999919e+00 3.238048652740273152e+18
5.411660410990000000e+11 9.724538343999999768e+01 -8.768029849999999570e+00 3.003312266059101696e+18
2.061590377310000000e+11 8.598148036999999988e+01 9.808514739999999676e+00 3.336473261464594432e+18
2.491092214810000000e+11 8.479798571000000607e+01 -1.107240479999999971e+00 3.217497272885177344e+18
3.951380897580000000e+11 1.119772298400000068e+02 -4.422864041000000412e+01 5.511890345967116288e+18
3.865480824090000000e+11 8.479799500000000023e+01 -6.033470840000000557e+00 3.017073173773363200e+18
1.889794611680000000e+11 8.764191453000000820e+01 4.918564710000000062e+00 3.320097130982634496e+18
3.435980238730000000e+11 8.076592087000000220e+01 -4.678837829999999975e+00 3.210191430436256256e+18
2.061586935750000000e+11 5.454095587999999850e+01 5.794440647000000411e+01 4.490873510463490560e+17
3.264175643480000000e+11 1.546127079299999991e+02 -1.430997712000000099e+01 3.753193425429326848e+18
3.693676022670000000e+11 8.124965215000000285e+01 -2.271486750000000221e+00 3.214086897053528576e+18
4.123173795060000000e+11 8.695889284999999802e+01 -8.421385530000000230e+00 3.012675230340999168e+18
6.270659280440000000e+11 2.302308822800000030e+02 -5.879310909000000152e+01 5.876885394205151232e+18
3.521884211400000000e+11 1.653016958899999906e+02 -3.169497900000000001e+01 5.451903980850640896e+18
4.209070578300000000e+11 1.152340144599999974e+02 -4.645944897000000395e+01 5.530799918742257664e+18
2.576989089740000000e+11 8.342693395000000578e+01 -1.274935500000000110e-01 3.220851775485968384e+18
4.037270732960000000e+11 2.435158047600000089e+02 -2.488591695000000215e+01 6.049581734162072576e+18
4.552675124600000000e+11 7.928287367000000074e+01 1.922960000000000034e-03 3.221563919719895040e+18
5.411668275340000000e+11 2.814528800100000012e+02 -3.646862147000000220e+01 6.730543507552577536e+18
5.068065571010000000e+11 2.779322877000000176e+02 -2.190358276999999987e+01 4.090033343794466304e+18
3.006483045680000000e+11 8.477186688000000458e+01 -2.550166879999999914e+00 3.216488333527834624e+18
4.896274358370000000e+11 9.605791596000000254e+01 -2.071727187000000114e+01 2.938261829566416384e+18
4.294967797760000000e+11 8.230042156000000375e+01 2.892852019999999857e+00 3.223872069503741440e+18
6.012955448420000000e+11 1.217180433700000037e+02 -3.694455897000000277e+01 5.544181593735363584e+18
3.006488275700000000e+11 8.107558421999999609e+01 -1.522119790000000084e+00 3.220367307471866880e+18
3.178277150670000000e+11 2.837739943199999857e+02 -2.423671549999999897e+00 4.258905857230228480e+18
4.037269986780000000e+11 8.383724270000000445e+01 -1.533948910000000110e+00 3.217551217675210752e+18
5.927062987580000000e+11 1.399436792399999945e+02 -5.362235036999999949e+01 5.310819390450747392e+18
5.068070227580000000e+11 2.625024762500000293e+02 -1.867053585000000027e+01 4.121881320935011328e+18
2.491093874470000000e+11 9.628478821000000210e+01 -4.998222310000000057e+00 3.104415418249430528e+18
3.006487446550000000e+11 7.608524506000000542e+01 -1.939375789999999933e+00 3.226858476228307968e+18
4.037269775160000000e+11 2.864420049700000277e+02 -1.518377450000000017e+00 4.262386984109033984e+18
3.521879241240000000e+11 8.324666899999999714e+01 1.088235346000000092e+01 3.339798798804451328e+18
4.552670582580000000e+11 8.435565680999999927e+01 8.172548600000000274e-01 3.222438924816020992e+18
2.147486396730000000e+11 6.743617478000000176e+01 2.739261461999999980e+01 1.525639771594250240e+17
5.927065171620000000e+11 1.643780310100000008e+02 -5.370920030999999994e+01 5.359316408793498624e+18
6.528358017040000000e+11 1.971591197900000054e+02 -5.851574475000000319e+01 6.062994023707544576e+18
2.920586921170000000e+11 8.404368116999999927e+01 -3.813610800000000189e+00 3.215887622222541824e+18
3.178282414760000000e+11 8.284044590999999969e+01 1.204306926000000111e+01 3.340874224256986112e+18
4.209075724220000000e+11 1.172585717099999982e+02 -4.575045914999999752e+01 5.530893411590452224e+18
3.006488512070000000e+11 8.245795001999999840e+01 -1.459174549999999959e+00 3.220230070380992512e+18
4.896270429770000000e+11 2.929730166300000178e+02 -5.188025670000000034e+00 4.208538711333952000e+18
3.951372842350000000e+11 2.557971905400000026e+02 -1.539489041000000036e+01 4.139251577357753856e+18
3.974120000000000000e+05 1.276238250000000019e+00 6.429471454000000108e+01 4.317481557656563200e+17
4.724464694610000000e+11 1.240055811000000006e+02 -4.170359564000000319e+01 5.527419401522768896e+18
4.380877868390000000e+11 1.904166052100000002e+02 4.594840999999999731e+00 3.707198066605256704e+18
9.448950502600000000e+10 4.736135064999999855e+01 5.381667531000000082e+01 4.470506088373422080e+17
4.638568782880000000e+11 1.261004429000000044e+02 -4.065029427000000339e+01 5.527898444995928064e+18
5.497559054360000000e+11 2.006183733700000005e+02 -4.913625533000000445e+01 6.083278020342514688e+18
3.607774736890000000e+11 8.419775140000000135e+01 -3.209330930000000137e+00 3.216017811270629888e+18
3.436095700700000000e+10 1.385808291499999996e+02 3.945066598000000369e+01 8.122897142420244480e+17
1.889792898620000000e+11 7.612002135999999552e+01 8.358560960000000151e+00 3.290110292094056448e+18
2.577024820200000000e+10 2.269860818399999971e+02 7.623379997000000685e+01 1.701943978599634944e+18
2.491093263150000000e+11 2.890521391899999912e+02 1.347509780999999940e+01 4.319346359335579648e+18
4.123169364680000000e+11 2.394316877100000056e+02 -4.172727667000000196e+01 5.995233114932232192e+18
3.521879893830000000e+11 8.417870802999999569e+01 -7.523068499999999714e-01 3.217754455527343616e+18
1.460289302160000000e+11 3.044526969300000019e+02 6.617544503999999961e+01 2.246523639638045952e+18
1.202602828980000000e+11 3.407143774200000053e+02 4.404036502000000297e+01 1.934153382621767168e+18
3.951381569870000000e+11 8.118002284000000657e+01 2.009843249999999859e+00 3.222289459954786304e+18
2.491087416780000000e+11 2.197443340599999999e+02 6.153635860000000513e+00 1.171180132136672256e+18
1.889789920140000000e+11 2.758303919300000189e+02 2.646305946000000020e+01 4.585127800396158976e+18
4.037269568760000000e+11 2.391705312400000025e+02 -1.539563640000000122e+00 4.409142924190137344e+18
6.872075495900000000e+10 6.129696710000000337e+01 3.187493311000000062e+01 1.693007732218050560e+17
4.552672705860000000e+11 2.422890936299999964e+02 -2.276650267000000127e+01 6.242453768937885696e+18
9.319760000000000000e+05 3.808119319000000047e+01 -8.337042485999999997e+01 4.617225121786738688e+18
3.350076527680000000e+11 8.739835573999999951e+01 3.051121300000000147e+00 3.319212956131223552e+18
4.552669570210000000e+11 2.006615774400000021e+02 -5.010599398000000093e+01 6.082407168472772608e+18
6.270654931270000000e+11 2.798161146599999825e+02 -3.576381305000000310e+01 6.733584275683948544e+18
5.239866151910000000e+11 2.475319585500000130e+02 -2.554257093000000012e+01 6.045968769011292160e+18
3.951373728120000000e+11 8.056797566000000188e+01 -3.651351930000000134e+00 3.210862819723408896e+18
3.865472212060000000e+11 8.404349611000000664e+01 -6.333757860000000406e+00 3.016953945480766464e+18
4.638575087220000000e+11 3.050566455499999847e+02 -8.840659410000000662e+00 6.905677567902873600e+18
6.528354289820000000e+11 1.997576910200000100e+02 -6.111499968000000393e+01 5.869422351603891200e+18
4.982162716600000000e+11 1.229506016499999959e+02 -4.602654825999999844e+01 5.519600843061699584e+18
3.436009524000000000e+10 3.378655926900000281e+02 7.454283374999999978e+01 2.279430270310977024e+18
4.295088879600000000e+10 3.199553720399999861e+02 6.867528882999999951e+01 2.222478797807817728e+18
1.889798412860000000e+11 2.672532894000000283e+02 4.225321390000000399e+00 4.472555848572873216e+18
3.264183006120000000e+11 2.706418150100000162e+02 -1.805756904000000063e+01 4.143563174800569344e+18
1.202597636590000000e+11 3.048991727100000162e+02 4.323518968999999856e+01 2.068836066604308480e+18
4.638574214380000000e+11 2.293114786700000138e+02 -1.729660046000000051e+01 6.258996746007641088e+18
4.982172123550000000e+11 2.530832064300000184e+02 -2.328579421999999965e+01 4.125625978291418112e+18
5.239860835950000000e+11 1.275113433100000009e+02 -5.144628684999999990e+01 5.322310077208085504e+18
5.841159430450000000e+11 2.427401615100000072e+02 -2.728414697000000189e+01 6.042481225509025792e+18
3.264179807830000000e+11 2.596795738900000288e+02 -1.488613016000000044e+01 4.137973017135413248e+18
2.576981131320000000e+11 8.062378415999999959e+01 2.134883509999999873e+00 3.234312104208572928e+18
2.834685310800000000e+11 8.092266313999999738e+01 2.364939829999999965e+00 3.234345776752112640e+18
5.669362774780000000e+11 2.147193525000000136e+02 -5.903109450000000180e+01 5.891067955982110720e+18
1.546189717670000000e+11 7.031782653999999866e+01 3.008648816000000181e+01 1.593157301714589440e+17
4.552675653700000000e+11 1.213354378399999973e+02 -4.615951182999999958e+01 5.520302709436634112e+18
4.294974467830000000e+11 1.157067153699999977e+02 -4.687842677000000435e+01 5.530717867686942720e+18
7.731047725000000000e+10 6.436110195999999917e+01 4.356665570999999915e+01 2.295014443220290560e+17
5.411664816950000000e+11 2.375350942599999939e+02 -3.975518883000000159e+01 6.008389630546804736e+18
2.147486053310000000e+11 9.537385374999999499e+01 1.970782536000000107e+01 3.375466960308602880e+18
3.607775882090000000e+11 6.759175523999999768e+01 1.416346917999999988e+01 3.307872455763889152e+18
5.068067147280000000e+11 8.071736015000000464e+01 8.656810799999999917e-01 3.222063475955323904e+18
3.178288204980000000e+11 8.379643115999999736e+01 -7.318438819999999900e+00 3.016456210311395328e+18
3.350076708040000000e+11 2.307091081300000042e+02 -2.833085503000000216e+01 6.213151406099147776e+18
3.092381549100000000e+11 2.379152498900000126e+02 -1.026602180999999980e+01 4.347154520202144768e+18
2.748785208580000000e+11 8.323382268999999667e+01 1.224581890000000062e+00 3.222698924956587520e+18
3.264186261370000000e+11 2.520968597700000089e+02 -1.227778321000000084e+01 4.333800092486952448e+18
1.116695831110000000e+11 4.683304434000000072e+01 5.579151500000000397e+01 4.595540832692455680e+17
2.576991271100000000e+11 2.578467903200000251e+02 -1.981135580000000118e+00 4.367638146946964480e+18
1.116700527600000000e+11 6.272584027999999989e+01 3.266217430000000377e+01 1.697825354128963840e+17
1.030805418520000000e+11 5.476765529000000043e+01 5.716938764000000361e+01 4.489903878653414400e+17
2.147490869560000000e+11 7.574351660000000663e+01 -3.416580220000000168e+00 3.213195261842755584e+18
3.350082886020000000e+11 8.206223778000000380e+01 5.992142400000000091e-01 3.221811722152833024e+18
1.632091925870000000e+11 1.185078036200000042e+02 -4.257198186000000106e+01 5.532579375236475904e+18
2.491093909030000000e+11 8.121421109999999999e+01 -5.015475209999999961e+00 3.210117075962570752e+18
5.497561477460000000e+11 1.644553087600000083e+02 -6.923330330999999660e+01 5.231736535567379456e+18
3.436104597100000000e+10 6.126042552999999913e+01 4.153820148999999873e+01 2.304159631200642560e+17
2.854780000000000000e+05 2.802243308299999853e+02 -7.926162668999999994e+01 6.364046011071520768e+18
2.061590363270000000e+11 8.377891945000000362e+01 9.815946430000000333e+00 3.337986739219528192e+18
2.920584092780000000e+11 2.491855903299999966e+02 -1.071303140000000020e+01 4.337349109862888448e+18
3.693676589920000000e+11 2.678614265799999998e+02 9.885213280000000324e+00 4.488807489425954816e+18
3.951379120350000000e+11 2.339000659799999937e+02 -2.372114239000000069e+01 6.239334145210023936e+18
5.669359484620000000e+11 1.711362859300000139e+02 -7.180185550000000205e+01 5.228148794760345600e+18
3.779580948200000000e+11 1.166766602900000009e+02 -4.775203204000000312e+01 5.518442988593161216e+18
3.521879881490000000e+11 7.882976800000000139e+01 -7.504277999999999782e-01 3.215459259363774464e+18
2.147493957700000000e+11 9.327256232000000580e+01 2.752276979999999984e+00 3.124784837526290432e+18
4.810364053870000000e+11 2.452289321499999915e+02 -4.224242493999999937e+01 5.992531580529379328e+18
2.576990236250000000e+11 8.326377338000000350e+01 -6.860500380000000398e+00 3.016720088805629952e+18
3.607780913970000000e+11 2.761630657300000280e+02 -2.975896721000000156e+01 4.048015232057762304e+18
5.153970306600000000e+11 2.576459398100000158e+02 -4.697619495000000001e+01 5.950931519397746688e+18
3.865483032040000000e+11 2.475163607400000103e+02 -2.933803943000000203e+01 6.043865785531825152e+18
5.927063115820000000e+11 1.221687812699999967e+02 -5.307600730000000055e+01 5.320429809243033600e+18
5.411661128870000000e+11 1.182009730300000001e+02 1.783091444000000081e+01 6.683404149845233920e+17
3.693676292390000000e+11 8.261845386999999619e+01 -2.258249750000000056e+00 3.217041181718741504e+18
1.460297852430000000e+11 3.515135234300000207e+02 5.828580055999999843e+01 2.009642930407684608e+18
3.178285416060000000e+11 1.923744488700000090e+02 -6.956315603999999553e+01 5.843418115652774912e+18
2.576983468420000000e+11 2.061382024700000102e+02 -4.502478613000000252e+01 6.108229508288547840e+18
3.006482262670000000e+11 2.753569502700000271e+02 -2.625890229999999992e+00 4.269964371522809344e+18
4.638572636810000000e+11 2.450877030800000114e+02 -2.579892433999999923e+01 6.048575131267677184e+18
3.951374241150000000e+11 1.133490785799999969e+02 -6.216045349999999914e+00 3.055286769119671296e+18
5.068065179390000000e+11 8.245340652000000148e+01 1.111350707000000071e+01 3.339114906868952576e+18
3.951372644560000000e+11 2.599796041100000252e+02 -2.445019118000000091e+01 4.111100364533533696e+18
3.693673179960000000e+11 2.472811901900000180e+02 -1.513824338999999952e+01 4.325647488644442112e+18
4.380869620660000000e+11 2.954064781100000232e+02 -2.749447578999999919e+01 6.753141254630031360e+18
1.889789939500000000e+11 3.228239856800000211e+02 2.634026889000000082e+01 1.799027423655251456e+18
3.865472160480000000e+11 7.929631018999999981e+01 -6.363515050000000173e+00 3.208410943153505280e+18
3.264185754850000000e+11 1.069227998100000008e+02 -3.648008198000000135e+01 5.566342456740842496e+18
5.325770539440000000e+11 2.428064235699999927e+02 -2.103467503999999977e+01 6.243831216488276992e+18
4.123177750300000000e+11 1.209471733200000045e+02 -4.922642032000000256e+01 5.514509417027827712e+18
4.037280393540000000e+11 8.172805470000000128e+01 1.742715280000000089e+00 3.222239294736922112e+18
3.264183903050000000e+11 2.848741397300000244e+02 -6.509286979999999723e+00 4.205754301264217088e+18
5.755260051380000000e+11 2.308765568700000017e+02 -3.835811071999999911e+01 6.007250261616703488e+18
2.319286563850000000e+11 2.208926289599999961e+02 -4.286464595000000344e+01 6.101268779349409792e+18
3.092379710610000000e+11 8.387420271999999954e+01 -6.127670339999999882e+00 3.017171270827675136e+18
2.491092874670000000e+11 2.935680121500000155e+02 -5.094636170000000241e+00 4.209845206025554944e+18
2.576991709540000000e+11 2.714610222900000167e+02 2.860088000000000213e-02 4.275277039918742528e+18
5.325764160460000000e+11 1.409054428800000096e+02 -2.868041812000000235e+01 5.636485972833017856e+18
2.576989730060000000e+11 1.845908503100000075e+02 2.384467200000000009e-01 3.698263267615901184e+18
3.865475261550000000e+11 8.286421755000000644e+01 -8.566428700000000562e-01 3.220658437534217728e+18
5.325766326340000000e+11 1.764915389200000106e+02 -6.387945583999999855e+01 5.333128515745968128e+18
4.294972641140000000e+11 1.172372791399999983e+02 -4.580276994999999829e+01 5.530891624884066304e+18
6.184757154200000000e+11 2.618563815400000294e+02 -3.328038269000000327e+01 5.976203764108805120e+18
4.724469221990000000e+11 2.662300541000000180e+02 -1.667707667999999899e+01 4.123876895810525696e+18
2.405183143610000000e+11 8.379275049999999680e+01 1.762165790000000065e+00 3.222840276624400384e+18
4.810373426570000000e+11 8.443851472000000058e+01 -5.335164299999999749e+00 3.017330218988718592e+18
4.724465137120000000e+11 1.417429608200000075e+02 -4.823931744000000066e+01 5.410319214145303552e+18
4.724474194610000000e+11 2.669460908600000266e+02 -1.743361183000000025e+01 4.120752702239705088e+18
6.442451634460000000e+11 2.504524412100000177e+02 -2.760128809000000061e+01 6.032550707068257280e+18
3.264176937970000000e+11 1.255276957199999970e+02 -1.052391571000000070e+01 5.751483653462953984e+18
3.006477944080000000e+11 2.767800464700000020e+02 -1.111455742999999963e+01 4.153432455562480128e+18
5.927056209560000000e+11 1.361228827399999943e+02 -5.160002916999999911e+01 5.324114719390884864e+18
2.061592960950000000e+11 8.117286099000000377e+01 2.526617949999999890e+00 3.234354847722993152e+18
2.233390174490000000e+11 8.159308568000000150e+01 1.649901150000000039e+00 3.222214864963031040e+18
1.288500622070000000e+11 6.280882379999999898e+01 3.286055131999999901e+01 1.697893730007130880e+17
3.006484633900000000e+11 7.869108561000000179e+01 -1.082819420999999949e+01 2.990155479858812928e+18
2.233386472030000000e+11 8.351602072000000021e+01 -4.601697060000000228e+00 3.209641708983267328e+18
3.607783667320000000e+11 2.514558946100000014e+02 -4.252978078000000295e+01 5.968114622711843840e+18
4.638576006910000000e+11 2.592696457499999951e+02 -2.153869459999999947e+01 4.115765218744837632e+18
3.178280780530000000e+11 2.160142804700000170e+02 -4.651664140999999830e+01 6.093040137411409920e+18
2.319288991470000000e+11 6.424217190999999616e+01 2.760525812999999928e+01 1.629503419532016640e+17
3.779581008570000000e+11 2.032751966499999980e+02 -4.773662554999999941e+01 6.083084059619602432e+18
1.374400464480000000e+11 7.237044894999999656e+01 2.979519300000000115e+01 1.583610104811827200e+17
5.927063911290000000e+11 1.679039845800000137e+02 -6.613228587000000402e+01 5.239957309145607168e+18
5.153967058400000000e+10 3.213194313600000100e+02 6.987093088000000307e+01 2.272090892757724416e+18
2.319295238570000000e+11 3.550482585500000141e+02 3.613458090000000311e+01 2.879340715119221248e+18
7.731090904200000000e+10 6.766018246000000147e+01 2.933542540000000187e+01 1.530410964862088960e+17
3.006486248510000000e+11 8.158707658999999524e+01 1.115920959999999962e+00 3.221901950825492992e+18
5.239868806220000000e+11 1.361681445499999938e+02 -1.581856482999999969e+01 5.730447586545321984e+18
8.590866932000000000e+09 2.037145639999999869e+00 3.380792316000000142e+01 2.875849769997813760e+18
4.552670123180000000e+11 1.221299618099999975e+02 -4.454949693999999738e+01 5.520557349461495808e+18
4.336880000000000000e+05 3.107671715700000163e+02 6.432111027000000547e+01 2.245096920224694784e+18
8.589959248000000000e+10 6.715974581999999771e+01 4.212394925000000256e+01 2.282507842050003200e+17
5.583463082540000000e+11 1.901447233899999958e+02 -6.870694235999999933e+01 5.855749344728646656e+18
4.810368667200000000e+11 1.116650423100000040e+02 -2.602907101999999995e+01 5.613535282519147520e+18
4.123172491750000000e+11 1.324222138899999948e+02 -4.142814656000000184e+01 5.525366029197408256e+18
2.920582457730000000e+11 7.778062325000000499e+01 -2.919377799999999912e+00 3.214494781507741696e+18
3.178280318510000000e+11 7.703768845999999826e+01 1.598109016000000082e+01 3.393109345927427584e+18
8.590891029000000000e+09 6.748715941999999757e+01 3.328742030000000085e+01 1.728539867816028160e+17
4.724476317730000000e+11 2.070931710000000123e+02 -5.059601422000000071e+01 6.069443965048494080e+18
3.092380497340000000e+11 8.343859740999999985e+01 -5.513823140000000400e+00 3.209416098642552832e+18
1.889792294140000000e+11 2.578193405900000243e+02 4.407373869999999805e+00 4.391732329361429504e+18
3.006484399770000000e+11 2.885743181700000264e+02 -1.085193682000000059e+01 4.199978424896825344e+18
5.325763095710000000e+11 2.360522682799999927e+02 -2.341263619000000062e+01 6.240063980413779968e+18
5.927064377820000000e+11 2.622770970700000248e+02 -6.817197398000000419e+01 5.811546022326769664e+18
1.803888672100000000e+11 6.134681150000000116e+01 2.223765372000000085e+01 5.317279893471705600e+16
8.591240265000000000e+09 1.692025116000000082e+02 7.479112741000000142e+01 1.079145721787894016e+18
4.724470120060000000e+11 2.381413253100000134e+02 -2.685351065000000048e+01 6.233816830227063808e+18
6.013025133500000000e+10 6.081593522000000007e+01 4.738687928000000227e+01 2.459739839342568960e+17
6.012960901560000000e+11 1.784256615700000168e+02 -2.449585060000000070e+01 3.491186573399590912e+18
6.270656486130000000e+11 1.108215450699999991e+02 -3.686552068000000304e+01 5.589552150774825984e+18
5.755259145370000000e+11 2.436352450999999917e+02 -3.831805643999999944e+01 5.997352110042124288e+18
3.092379388120000000e+11 8.370534999000000198e+01 5.232330860000000250e+00 3.236675573171406336e+18
7.731062117000000000e+10 3.365725780000000356e+01 4.008700504000000109e+01 3.328417204192437760e+17
3.693681231400000000e+11 2.458655914500000108e+02 -2.894695675000000179e+01 6.038189037050647552e+18
7.731043788900000000e+10 2.202422419800000171e+02 -7.854673852999999895e+01 5.785558412165218304e+18
4.724469784180000000e+11 2.689567331200000240e+02 -2.354446215000000109e+01 4.069355790680791040e+18
2.576981758550000000e+11 6.543230914000000098e+01 1.651309115000000105e+01 3.313808719042048512e+18
3.435977847010000000e+11 8.389377462999999580e+01 -4.781918059999999748e+00 3.209574707493411840e+18
2.577100451000000000e+10 2.618140838400000234e+02 4.305727009000000294e+01 1.348561804721468928e+18
2.662880471800000000e+11 3.565185604000000126e+02 1.975208710000000067e+01 2.822885779491830784e+18
6.528353654740000000e+11 2.458177360399999998e+02 -6.186215422000000075e+01 5.829538052674727936e+18
4.294970280410000000e+11 2.847518964500000038e+02 -1.952869704000000084e+01 4.085643994613349376e+18
1.975692946200000000e+11 6.865536704999999529e+01 2.053266504000000126e+01 1.442934506964390400e+17
2.147488648120000000e+11 2.725057050899999922e+02 6.509841279999999841e+00 4.472011624682811904e+18
5.497564757300000000e+11 3.169443186999999966e+02 -7.015803309000000354e+01 6.375501444763688960e+18
4.209079038810000000e+11 8.050157006000000592e+01 -6.353073999999999666e-01 3.221243377720943616e+18
2.748779440870000000e+11 8.372682233000000451e+01 -1.746491629999999962e+00 3.217353339941604864e+18
5.411662233360000000e+11 1.820316634300000089e+02 -5.196563513000000256e+01 6.125412641649888256e+18
6.184763343430000000e+11 1.800145002200000022e+02 -5.224487212000000369e+01 6.126097332465329152e+18
3.693678779270000000e+11 8.390192061999999851e+01 9.635212080000000512e+00 3.337927984067180544e+18
6.356560064330000000e+11 1.707110994900000094e+02 -5.704422060000000272e+01 5.339838766484677632e+18
3.006480908360000000e+11 2.689372298399999863e+02 -1.137941009999999942e+01 4.151677055199534080e+18
4.724474468330000000e+11 8.174586675999999841e+01 3.548810299999999973e+00 3.236066886111533568e+18
3.092380113540000000e+11 8.004558147999999562e+01 -5.908963280000000040e+00 3.208443791063247872e+18
1.632089279580000000e+11 3.403587026800000217e+02 6.016852086000000099e+01 2.200738016958604800e+18
5.755259884000000000e+11 2.406323237100000085e+02 -3.841441541000000370e+01 5.998100297657839616e+18
6.872000500200000000e+10 3.581924713700000211e+02 5.486577460000000173e+01 1.993902940423303680e+18
3.521878160870000000e+11 2.671609642700000222e+02 -1.532916890000000087e+01 4.148265163225354752e+18
4.552665885440000000e+11 2.665986540200000263e+02 -3.158359109000000231e+01 4.055802145204484608e+18
4.896266088650000000e+11 7.725373002999999983e+01 -4.278314410000000123e+00 3.212084548940378624e+18
2.748784790370000000e+11 2.621187079200000198e+02 -1.310210233000000102e+01 4.138497174951530496e+18
1.632090722930000000e+11 1.927569547800000009e+02 -7.867164891999999554e+01 5.787990360086218752e+18
4.552666197960000000e+11 2.676439632299999971e+02 -4.567985877000000272e+01 5.954287400682365952e+18
4.982166650730000000e+11 2.439859181399999954e+02 -3.978800374000000062e+01 5.994141987087515648e+18
3.607779648310000000e+11 9.795282636000000309e+01 1.230474850999999958e+01 3.331233263924632064e+18
6.614250630020000000e+11 1.937898852300000101e+02 -5.907169864000000103e+01 6.057093112266125312e+18
3.436038356700000000e+10 2.127944176000000098e+01 7.259926753999999960e+01 5.350114703389679360e+17
6.270655506750000000e+11 2.246708012900000142e+02 -2.661898491999999905e+01 6.225748476457291776e+18
3.264184947200000000e+11 2.063345083499999930e+02 -7.455750636000000497e+01 5.791160939309242368e+18
3.092388736130000000e+11 3.473781598099999997e+02 1.508082798000000047e+01 2.815793276656379904e+18
3.693678312030000000e+11 7.795964777999999740e+01 9.597058940000000149e+00 3.290666232660847616e+18
4.982169704550000000e+11 8.081225519999999563e+01 -6.699107920000000327e+00 3.207404031020515328e+18
3.092380523900000000e+11 2.854173791700000038e+02 -5.475682790000000466e+00 4.254246955926514176e+18
6.013067645700000000e+10 6.369196854999999857e+01 3.023593512000000061e+01 1.657519663012046080e+17
5.497560427190000000e+11 2.733085167899999988e+02 -5.365602247000000347e+01 6.653410292954306560e+18
2.576981538590000000e+11 8.185107999000000234e+01 2.232230809999999899e+00 3.223808499691837952e+18
4.982170839740000000e+11 1.179744188300000047e+02 -4.871278757000000326e+01 5.518179724278989824e+18
2.920580528060000000e+11 8.382913784000000135e+01 -1.041044019999999959e+00 3.217649005490309120e+18
3.865472861630000000e+11 8.257099795999999969e+01 1.226138388000000035e+01 3.340896184424945664e+18
1.803896270000000000e+11 2.344038377299999922e+02 2.419995241000000163e+01 1.221141773002055936e+18
4.552675413760000000e+11 7.994979453999999919e+01 8.148444999999999994e-02 3.221532995955439616e+18
2.920581690050000000e+11 2.394269228200000157e+02 -2.585997451000000069e+01 6.235472076263685120e+18
2.920584093470000000e+11 1.016639436100000040e+02 -1.075167942000000032e+01 2.954036488531120128e+18
3.607779072680000000e+11 2.857024768699999981e+02 6.683479300000000123e+00 4.306633393552108544e+18
1.374389753310000000e+11 1.705354331999999928e+01 5.561786534000000159e+01 4.118152125402963200e+17
5.325765550950000000e+11 1.828729309200000159e+02 -6.772650230000000704e+01 5.859530049818811392e+18
6.528358690520000000e+11 3.508388247299999989e+02 -6.454090442999999766e+01 6.390537609869960192e+18
1.889788297710000000e+11 5.084405130999999756e+01 5.902731280000000247e+00 9.236554804002816000e+15
5.669367612700000000e+11 2.353411015700000064e+02 -3.467098725000000314e+01 6.014857713845591040e+18
3.006482972240000000e+11 8.468149121000000434e+01 -2.557071319999999925e+00 3.216489879716074496e+18
5.153969447850000000e+11 1.849727065000000152e+02 -7.433596970000000681e+01 5.841316570956614656e+18
1.718086920500000000e+10 1.002718664100000012e+02 3.399403621999999814e+01 9.387919243367793920e+17
2.834683108750000000e+11 7.406510903000000212e+01 -1.186641941999999972e+01 3.180453072581582848e+18
6.270653889970000000e+11 2.732680620099999942e+02 -5.439088678000000243e+01 6.653126889532465152e+18
3.607776953320000000e+11 2.442640316000000098e+02 -2.168413057000000066e+01 6.242811007137206272e+18
